2023-10-11 18:17:45,876 - main - INFO - POST /api/v1/store/user Users created id:1,name:Amir,surname:Garaev,phone_number:+79178974996
2023-10-12 12:28:02,944 - logger.logger - INFO - POST /api/v1/store/user Users created id:3,name:TEST,surname:TEST,phone_number:+79178974996
2023-10-12 13:03:44,056 - logger.logger - INFO - POST /api/v1/store/user Users created id:4,name:TEST2,surname:TEST,phone_number:+79178974996
2023-10-12 13:05:56,924 - logger.logger - INFO - POST /api/v1/store/item Item created id:1,name:item1,price:10,description:123fdsfdsdfsdfss
2023-10-12 13:40:11,595 - logger.logger - INFO - POST /api/v1/store/item Item created id:2,name:item2,price:10,description:sdfgdsgsgds
2023-10-12 13:41:51,132 - logger.logger - INFO - POST /api/v1/store/item Item created id:3,name:item3,price:50,description:sdfsdfsdfsfgsgds
2023-10-12 13:47:15,457 - logger.logger - INFO - POST /api/v1/store/item Item created id:4,name:item4,price:500,description:sdfsddasfsdfsfgsgds
2023-10-12 14:36:42,847 - logger.logger - INFO - POST /api/v1/store/item Item created id:6,name:item5,price:100,description:fdfdавыавывfddаы
2023-10-13 15:59:38,981 - logger.logger - INFO - POST /api/v1/store/category/create Category created id:1,name:category1
2023-10-13 16:15:10,308 - logger.logger - INFO - POST /api/v1/store/item/create Item created id:1,name:NAEM1,price:100,description:fdfgddfgdfgвfddаы, category_id:1,category_name:category1
2023-10-13 16:33:59,820 - logger.logger - INFO - POST /api/v1/store/category/create Category created id:2,name:Электронника
2023-10-13 16:34:17,917 - logger.logger - INFO - POST /api/v1/store/category/create Category created id:3,name:Бытовые товары
2023-10-13 16:34:42,761 - logger.logger - INFO - POST /api/v1/store/category/create Category created id:4,name:Холодильники
2023-10-13 16:40:07,039 - logger.logger - INFO - POST /api/v1/store/item/create Item created id:4,name:клавиатура,price:2500,description:Клава вот наверное крутая купите, category_id:2,category_name:Электронника
2023-10-13 16:40:28,867 - logger.logger - INFO - POST /api/v1/store/item/create Item created id:5,name:Розетка,price:250,description:Розетка наверное тоже крутая не знаю, category_id:2,category_name:Электронника
2023-10-13 16:40:47,431 - logger.logger - INFO - POST /api/v1/store/item/create Item created id:6,name:Видеокартка,price:250000,description:Не майнилась мамой клянусь, category_id:2,category_name:Электронника
2023-10-13 16:41:29,714 - logger.logger - INFO - POST /api/v1/store/item/create Item created id:7,name:Ведро,price:150,description:Ведра крутое советую всем, category_id:3,category_name:Бытовые товары
2023-10-13 16:41:55,095 - logger.logger - INFO - POST /api/v1/store/item/create Item created id:8,name:Ложка,price:20,description:Ложка суп там или плов, category_id:3,category_name:Бытовые товары
2023-10-13 16:42:10,483 - logger.logger - INFO - POST /api/v1/store/item/create Item created id:9,name:Вилка,price:20,description:Ну с вилкой суп не покушаешь, category_id:3,category_name:Бытовые товары
2023-10-13 16:42:29,432 - logger.logger - INFO - POST /api/v1/store/item/create Item created id:10,name:Казан,price:20,description:Вот это кайф казан плов тема, category_id:3,category_name:Бытовые товары
2023-10-13 16:43:03,619 - logger.logger - INFO - POST /api/v1/store/item/create Item created id:11,name:Холодильник самсонг,price:50000,description:Ну от самсонг вроде тема, category_id:4,category_name:Холодильники
2023-10-13 16:43:22,272 - logger.logger - INFO - POST /api/v1/store/item/create Item created id:12,name:Холодильник порш,price:5000000,description:Не врем такое есть, category_id:4,category_name:Холодильники
2023-10-13 16:43:36,686 - logger.logger - INFO - POST /api/v1/store/item/create Item created id:13,name:Холодильник мерседес,price:5000000,description:Не врем такое есть дубль два, category_id:4,category_name:Холодильники
2023-10-13 16:44:08,307 - logger.logger - INFO - POST /api/v1/store/item/create Item created id:14,name:Холодильник windows,price:689435,description:Лагает правда еда может крашнутся, category_id:4,category_name:Холодильники
2023-10-13 16:55:14,739 - logger.logger - INFO - POST /api/v1/store/user Users created id:5,name:Олег,surname:Дубков,phone_number:+79178878767
2023-10-13 17:35:18,223 - logger.logger - INFO - POST /api/v1/store/user Users created id:1,name:Олег,surname:Дубков,phone_number:+79178878767
2023-10-14 14:29:16,660 - logger.logger - INFO - POST /api/v1/store/user Users created id:1,name:TEST2,surname:TEST,phone_number:+79178974996
2023-10-14 14:32:41,145 - logger.logger - INFO - POST /api/v1/store/category/create Category created id:1,name:Электронника
2023-10-14 14:33:05,785 - logger.logger - INFO - POST /api/v1/store/item/create Item created id:1,name:мышка,price:1500,description:Мышка игравая вот или нет кто знает, category_id:1,category_name:Электронника
2023-10-14 14:44:57,007 - logger.logger - INFO - POST /api/v1/store/item/create Item created id:2,name:Ноутбук,price:1000,description:Мощный ноутбук с высокоразрешающим экраном и быстрым процессором., category_id:1,category_name:Электронника
2023-10-14 14:45:05,330 - logger.logger - INFO - POST /api/v1/store/item/create Item created id:3,name:Смарт-телевизор,price:800,description:Смарт-телевизор с встроенными приложениями для стриминга и голосовым управлением., category_id:1,category_name:Электронника
2023-10-14 14:45:11,404 - logger.logger - INFO - POST /api/v1/store/item/create Item created id:4,name:Наушники,price:200,description:Наушники высокого качества с технологией активного шумоподавления., category_id:1,category_name:Электронника
2023-10-14 14:51:21,020 - logger.logger - INFO - POST /api/v1/store/item/create Item created id:1,name:Игровая мышь,price:1500,description:Высокопроизводительная игровая мышь с настраиваемой подсветкой RGB., category_id:1,category_name:Электронника
2023-10-14 14:52:21,169 - logger.logger - INFO - POST /api/v1/store/item/create Item created id:2,name:Ноутбук,price:1000,description:Мощный ноутбук с высокоразрешающим экраном и быстрым процессором., category_id:1,category_name:Электронника
2023-10-14 15:28:28,729 - logger.logger - INFO - POST /api/v1/store/user Users created id:1,name:TEST2,surname:TEST,phone_number:+79178974996
2023-10-14 15:30:03,551 - logger.logger - INFO - POST /api/v1/store/category/create Category created id:1,name:Электронника
2023-10-14 15:31:51,171 - logger.logger - INFO - POST /api/v1/store/item/create Item created id:1,name:Gaming Mouse,price:1500,description:A high-performance gaming mouse with customizable RGB lighting., category_id:1,category_name:Электронника
2023-10-14 15:32:13,269 - logger.logger - INFO - POST /api/v1/store/item/create Item created id:2,name:Laptop,price:1000,description:A powerful laptop with a high-resolution display and fast processor., category_id:1,category_name:Электронника
